\BOOKMARK [0][-]{chapter.1}{Theoretical Background}{}% 1
\BOOKMARK [1][-]{section.1.1}{Convex Hulls}{chapter.1}% 2
\BOOKMARK [1][-]{section.1.2}{Output-sensitive algorithms}{chapter.1}% 3
\BOOKMARK [0][-]{chapter.2}{Algorithms for computing convex hulls}{}% 4
\BOOKMARK [1][-]{section.2.1}{Jarvis March}{chapter.2}% 5
\BOOKMARK [2][-]{subsection.2.1.1}{Introduction}{section.2.1}% 6
\BOOKMARK [2][-]{subsection.2.1.2}{Pseudocode}{section.2.1}% 7
\BOOKMARK [2][-]{subsection.2.1.3}{Complexity Analysis}{section.2.1}% 8
\BOOKMARK [1][-]{section.2.2}{Graham Scan}{chapter.2}% 9
\BOOKMARK [2][-]{subsection.2.2.1}{Introduction}{section.2.2}% 10
\BOOKMARK [2][-]{subsection.2.2.2}{Pseudocode}{section.2.2}% 11
\BOOKMARK [2][-]{subsection.2.2.3}{Implementation}{section.2.2}% 12
\BOOKMARK [2][-]{subsection.2.2.4}{Complexity Analysis}{section.2.2}% 13
\BOOKMARK [1][-]{section.2.3}{T. Chan's Optimal Algorithm for Bidimensional Hulls}{chapter.2}% 14
\BOOKMARK [2][-]{subsection.2.3.1}{Introduction}{section.2.3}% 15
\BOOKMARK [2][-]{subsection.2.3.2}{Pseudocode}{section.2.3}% 16
\BOOKMARK [2][-]{subsection.2.3.3}{Implementation}{section.2.3}% 17
\BOOKMARK [2][-]{subsection.2.3.4}{Complexity Analysis}{section.2.3}% 18
\BOOKMARK [0][-]{chapter.3}{Empirical Analysis of Chan's Algorithm}{}% 19
\BOOKMARK [1][-]{section.3.1}{Introduction}{chapter.3}% 20
\BOOKMARK [1][-]{section.3.2}{First Test: increasing number of points, fixed hull size}{chapter.3}% 21
\BOOKMARK [1][-]{section.3.3}{Second Test: increasing size of hull, fixed number of points}{chapter.3}% 22
\BOOKMARK [1][-]{section.3.4}{Third Test: increasing number of points with uniform distribution}{chapter.3}% 23
\BOOKMARK [1][-]{section.3.5}{Fourth Test: comparison with Graham Scan in case of increasing hull size}{chapter.3}% 24
